2025-01-21 16:36:19,059 - users - INFO - Buscando usuários...
2025-01-21 16:38:50,436 - users - INFO - Buscando usuários...
2025-01-21 16:41:19,639 - users - INFO - Buscando usuários...
2025-01-21 16:41:21,223 - users - INFO - Buscando usuários...
2025-01-21 16:46:48,959 - users - INFO - Buscando usuários...
2025-01-21 16:46:50,310 - users - INFO - Buscando usuários...
2025-01-21 16:48:22,895 - users - INFO - Buscando usuários...
2025-01-21 16:51:32,967 - users - INFO - Buscando usuários...
2025-01-21 16:51:33,997 - users - INFO - Buscando usuários...
2025-01-21 16:51:34,623 - users - INFO - Buscando usuários...
2025-01-21 16:51:35,285 - users - INFO - Buscando usuários...
2025-01-21 16:53:20,951 - users - INFO - Buscando usuários...
2025-01-21 16:53:55,958 - users - INFO - Criando um novo usuário...
2025-01-21 16:53:55,963 - users - ERROR - Erro ao criar um novo usuário: (psycopg2.errors.UndefinedTable) ERRO:  relação "users" não existe
LINE 1: INSERT INTO users (id, name, cpf, email, password) VALUES (0...
                    ^

[SQL: INSERT INTO users (id, name, cpf, email, password) VALUES (%(id)s, %(name)s, %(cpf)s, %(email)s, %(password)s)]
[parameters: {'id': 0, 'name': 'string', 'cpf': 'string', 'email': 'string', 'password': 'string'}]
(Background on this error at: https://sqlalche.me/e/20/f405)
2025-01-21 16:54:49,350 - users - INFO - Criando um novo usuário...
2025-01-21 16:54:49,353 - users - ERROR - Erro ao criar um novo usuário: (psycopg2.errors.UndefinedTable) ERRO:  relação "users" não existe
LINE 1: INSERT INTO users (id, name, cpf, email, password) VALUES (0...
                    ^

[SQL: INSERT INTO users (id, name, cpf, email, password) VALUES (%(id)s, %(name)s, %(cpf)s, %(email)s, %(password)s)]
[parameters: {'id': 0, 'name': 'string', 'cpf': 'string', 'email': 'string', 'password': 'string'}]
(Background on this error at: https://sqlalche.me/e/20/f405)
2025-01-21 16:56:18,370 - users - INFO - Criando um novo usuário...
2025-01-21 16:56:18,375 - users - ERROR - Erro ao criar um novo usuário: (psycopg2.errors.UndefinedTable) ERRO:  relação "users" não existe
LINE 1: INSERT INTO users (id, name, cpf, email, password) VALUES (0...
                    ^

[SQL: INSERT INTO users (id, name, cpf, email, password) VALUES (%(id)s, %(name)s, %(cpf)s, %(email)s, %(password)s)]
[parameters: {'id': 0, 'name': 'string', 'cpf': 'string', 'email': 'string', 'password': 'string'}]
(Background on this error at: https://sqlalche.me/e/20/f405)
2025-01-21 16:58:01,733 - users - INFO - Buscando usuários...
2025-01-21 16:58:07,001 - users - INFO - Buscando usuários...
2025-01-21 16:58:57,273 - users - INFO - Buscando usuários...
2025-01-21 17:03:51,028 - users - INFO - Criando um novo usuário...
2025-01-21 17:03:51,032 - users - ERROR - Erro ao criar um novo usuário: (psycopg2.errors.UndefinedTable) ERRO:  relação "users" não existe
LINE 1: INSERT INTO users (id, name, cpf, email, password) VALUES (0...
                    ^

[SQL: INSERT INTO users (id, name, cpf, email, password) VALUES (%(id)s, %(name)s, %(cpf)s, %(email)s, %(password)s)]
[parameters: {'id': 0, 'name': 'string', 'cpf': 'string', 'email': 'string', 'password': 'string'}]
(Background on this error at: https://sqlalche.me/e/20/f405)
2025-01-21 17:06:11,109 - users - INFO - Buscando usuários...
2025-01-21 17:06:12,263 - users - INFO - Buscando usuários...
2025-01-21 17:06:13,304 - users - INFO - Buscando usuários...
2025-01-21 17:06:15,089 - users - INFO - Buscando usuários...
2025-01-21 17:06:18,471 - users - INFO - Buscando usuários...
2025-01-21 17:09:21,953 - users - INFO - Criando um novo usuário...
2025-01-21 17:09:21,959 - users - ERROR - Erro ao criar um novo usuário: (psycopg2.errors.UndefinedTable) ERRO:  relação "users" não existe
LINE 1: INSERT INTO users (id, name, cpf, email, password) VALUES (0...
                    ^

[SQL: INSERT INTO users (id, name, cpf, email, password) VALUES (%(id)s, %(name)s, %(cpf)s, %(email)s, %(password)s)]
[parameters: {'id': 0, 'name': 'string', 'cpf': 'string', 'email': 'string', 'password': 'string'}]
(Background on this error at: https://sqlalche.me/e/20/f405)
2025-01-21 17:11:25,437 - users - INFO - Criando um novo usuário...
2025-01-21 17:11:25,449 - users - ERROR - Erro ao criar um novo usuário: (psycopg2.errors.NotNullViolation) ERRO:  o valor nulo na coluna "role" da relação "users" viola a restrição de não-nulo
DETAIL:  Registro que falhou contém (0, string, string, null, string, string, null).

[SQL: INSERT INTO users (id, name, cpf, email, password) VALUES (%(id)s, %(name)s, %(cpf)s, %(email)s, %(password)s)]
[parameters: {'id': 0, 'name': 'string', 'cpf': 'string', 'email': 'string', 'password': 'string'}]
(Background on this error at: https://sqlalche.me/e/20/gkpj)
2025-01-21 17:12:55,258 - users - INFO - Criando um novo usuário...
2025-01-21 17:12:55,265 - users - ERROR - Erro ao criar um novo usuário: (psycopg2.errors.UndefinedTable) ERRO:  relação "users" não existe
LINE 1: INSERT INTO users (id, name, cpf, email, password) VALUES (0...
                    ^

[SQL: INSERT INTO users (id, name, cpf, email, password) VALUES (%(id)s, %(name)s, %(cpf)s, %(email)s, %(password)s)]
[parameters: {'id': 0, 'name': 'string', 'cpf': 'string', 'email': 'string', 'password': 'string'}]
(Background on this error at: https://sqlalche.me/e/20/f405)
2025-01-21 17:16:21,146 - users - INFO - Criando um novo usuário...
2025-01-21 17:16:21,201 - users - ERROR - Erro ao criar um novo usuário: (psycopg2.errors.UndefinedTable) ERRO:  relação "users" não existe
LINE 1: INSERT INTO users (id, name, cpf, email, password) VALUES (0...
                    ^

[SQL: INSERT INTO users (id, name, cpf, email, password) VALUES (%(id)s, %(name)s, %(cpf)s, %(email)s, %(password)s)]
[parameters: {'id': 0, 'name': 'string', 'cpf': 'string', 'email': 'string', 'password': 'string'}]
(Background on this error at: https://sqlalche.me/e/20/f405)
2025-01-21 17:26:50,247 - users - INFO - Buscando usuários...
2025-01-21 17:26:50,272 - users - WARNING - Nenhum usuário encontrado!
